#
# A fatal error has been detected by the Java Runtime Environment:
#
#  Internal Error (javaClasses.cpp:129), pid=8108, tid=7084
#  fatal error: Invalid layout of preloaded class
#
# JRE version: 7.0_25-b16
# Java VM: Java HotSpot(TM) 64-Bit Server VM (23.25-b01 mixed mode windows-amd64 compressed oops)
# Failed to write core dump. Minidumps are not enabled by default on client versions of Windows
#
# If you would like to submit a bug report, please visit:
#   http://bugreport.sun.com/bugreport/crash.jsp
#

---------------  T H R E A D  ---------------

Current thread (0x0000000002e0e000):  JavaThread "Unknown thread" [_thread_in_vm, id=7084, stack(0x0000000002e50000,0x0000000002f50000)]

Stack: [0x0000000002e50000,0x0000000002f50000]

---------------  P R O C E S S  ---------------

Java Threads: ( => current thread )

Other Threads:

=>0x0000000002e0e000 (exited) JavaThread "Unknown thread" [_thread_in_vm, id=7084, stack(0x0000000002e50000,0x0000000002f50000)]

VM state:not at safepoint (not fully initialized)

VM Mutex/Monitor currently owned by a thread: None

GC Heap History (0 events):
No events

Deoptimization events (0 events):
No events

Internal exceptions (0 events):
No events

Events (10 events):
Event: 0.015 loading class 0x0000000002f6cef0 done
Event: 0.015 loading class 0x0000000002f6ccb0 done
Event: 0.015 loading class 0x0000000002f6cb90
Event: 0.015 loading class 0x000000000c23f6b0
Event: 0.015 loading class 0x000000000c23f6b0 done
Event: 0.015 loading class 0x000000000c23f870
Event: 0.015 loading class 0x000000000c23f870 done
Event: 0.015 loading class 0x000000000c23e650
Event: 0.015 loading class 0x000000000c23e650 done
Event: 0.015 loading class 0x0000000002f6cb90 done


Dynamic libraries:
0x00007ff69e3d0000 - 0x00007ff69e403000 	D:\Programs\Java\jdk1.7.0_25\bin\javaw.exe
0x00007fff0ad80000 - 0x00007fff0af2c000 	C:\WINDOWS\SYSTEM32\ntdll.dll
0x00007fff0a2e0000 - 0x00007fff0a41e000 	C:\WINDOWS\system32\KERNEL32.DLL
0x00007fff081e0000 - 0x00007fff082f5000 	C:\WINDOWS\system32\KERNELBASE.dll
0x00007fff06a70000 - 0x00007fff06afe000 	C:\WINDOWS\system32\apphelp.dll
0x00007fff02490000 - 0x00007fff024e3000 	C:\WINDOWS\AppPatch\AppPatch64\AcGenral.DLL
0x00007fff0a0a0000 - 0x00007fff0a14a000 	C:\WINDOWS\system32\msvcrt.dll
0x00007fff07ca0000 - 0x00007fff07cce000 	C:\WINDOWS\SYSTEM32\SspiCli.dll
0x00007fff0a220000 - 0x00007fff0a274000 	C:\WINDOWS\system32\SHLWAPI.dll
0x00007fff0a820000 - 0x00007fff0a997000 	C:\WINDOWS\system32\USER32.dll
0x00007fff08400000 - 0x00007fff08594000 	C:\WINDOWS\system32\ole32.dll
0x00007fff088f0000 - 0x00007fff09e08000 	C:\WINDOWS\system32\SHELL32.dll
0x00007fff07470000 - 0x00007fff07491000 	C:\WINDOWS\SYSTEM32\USERENV.dll
0x00007fff09ff0000 - 0x00007fff0a09a000 	C:\WINDOWS\system32\ADVAPI32.dll
0x00007ffefecb0000 - 0x00007ffefecce000 	C:\WINDOWS\SYSTEM32\MPR.dll
0x00007fff0a660000 - 0x00007fff0a7a1000 	C:\WINDOWS\system32\RPCRT4.dll
0x00007fff0abc0000 - 0x00007fff0ac19000 	C:\WINDOWS\SYSTEM32\sechost.dll
0x00007fff085a0000 - 0x00007fff087b1000 	C:\WINDOWS\SYSTEM32\combase.dll
0x00007fff0ac20000 - 0x00007fff0ad71000 	C:\WINDOWS\system32\GDI32.dll
0x00007fff07ed0000 - 0x00007fff07ee5000 	C:\WINDOWS\SYSTEM32\profapi.dll
0x00007fff066d0000 - 0x00007fff06782000 	C:\WINDOWS\SYSTEM32\SHCORE.dll
0x00007fff087c0000 - 0x00007fff087f6000 	C:\WINDOWS\system32\IMM32.DLL
0x00007fff0a4f0000 - 0x00007fff0a642000 	C:\WINDOWS\system32\MSCTF.dll
0x00007fff05fc0000 - 0x00007fff0623b000 	C:\WINDOWS\WinSxS\amd64_microsoft.windows.common-controls_6595b64144ccf1df_6.0.9600.17784_none_624760d1ecb7236e\COMCTL32.dll
0x0000000071020000 - 0x00000000710f1000 	D:\Programs\Java\jdk1.7.0_25\jre\bin\msvcr100.dll
0x00000000713d0000 - 0x0000000071adf000 	D:\Programs\Java\jdk1.7.0_25\jre\bin\server\jvm.dll
0x00007fff05fa0000 - 0x00007fff05fa9000 	C:\WINDOWS\SYSTEM32\WSOCK32.dll
0x00007fff05130000 - 0x00007fff05152000 	C:\WINDOWS\SYSTEM32\WINMM.dll
0x00007fff0a420000 - 0x00007fff0a427000 	C:\WINDOWS\system32\PSAPI.DLL
0x00007fff0ab60000 - 0x00007fff0abba000 	C:\WINDOWS\system32\WS2_32.dll
0x00007fff04d90000 - 0x00007fff04dba000 	C:\WINDOWS\SYSTEM32\WINMMBASE.dll
0x00007fff0ab50000 - 0x00007fff0ab59000 	C:\WINDOWS\system32\NSI.dll
0x00007fff08300000 - 0x00007fff0834f000 	C:\WINDOWS\SYSTEM32\cfgmgr32.dll
0x00007fff06ba0000 - 0x00007fff06bc8000 	C:\WINDOWS\SYSTEM32\DEVOBJ.dll
0x00000000713c0000 - 0x00000000713cf000 	D:\Programs\Java\jdk1.7.0_25\jre\bin\verify.dll
0x0000000071390000 - 0x00000000713b8000 	D:\Programs\Java\jdk1.7.0_25\jre\bin\java.dll
0x0000000071370000 - 0x0000000071385000 	D:\Programs\Java\jdk1.7.0_25\jre\bin\zip.dll

VM Arguments:
jvm_args: -Dfile.encoding=UTF-8 -Xbootclasspath:D:\Programs\Android\adt-bundle-windows-x86_64-20140321\sdk\platforms\android-19\android.jar 
java_command: per.cz.db.SqlServerTest
Launcher Type: SUN_STANDARD

Environment Variables:
JAVA_HOME=D:\Programs\Java\jdk1.7.0_25
CLASSPATH=.;D:\Programs\Java\jdk1.7.0_25\lib\dt.jar;D:\Programs\Java\jdk1.7.0_25\lib\tools.jar;¡±
PATH=D:/Programs/Java/jdk1.7.0_25/bin/../jre/bin/server;D:/Programs/Java/jdk1.7.0_25/bin/../jre/bin;D:/Programs/Java/jdk1.7.0_25/bin/../jre/lib/amd64;C:\WINDOWS\system32;C:\WINDOWS;C:\WINDOWS\System32\Wbem;C:\WINDOWS\System32\WindowsPowerShell\v1.0\;D:\Programs\Java\jdk1.7.0_25\bin;C:\Program Files (x86)\Windows Kits\8.1\Windows Performance Toolkit\;C:\Program Files\Microsoft SQL Server\110\Tools\Binn\;C:\Program Files (x86)\Microsoft SDKs\TypeScript\1.1\;D:\Programs\Android\adt-bundle-windows-x86_64-20140321\sdk\platform-tools;D:\Program Files\TortoiseGit\bin;C:\Program Files (x86)\Skype\Phone\;D:\Programs\Android\adt-bundle-windows-x86_64-20140321\eclipse;
USERNAME=Administrator
OS=Windows_NT
PROCESSOR_IDENTIFIER=Intel64 Family 6 Model 60 Stepping 3, GenuineIntel



---------------  S Y S T E M  ---------------

OS: Windows 8 , 64 bit Build 9200 

CPU:total 8 (4 cores per cpu, 2 threads per core) family 6 model 60 stepping 3, cmov, cx8, fxsr, mmx, sse, sse2, sse3, ssse3, sse4.1, sse4.2, popcnt, avx, avx2, ht, tsc, tscinvbit

Memory: 4k page, physical 8268808k(3149668k free), swap 9579528k(2682980k free)

vm_info: Java HotSpot(TM) 64-Bit Server VM (23.25-b01) for windows-amd64 JRE (1.7.0_25-b16), built on Jun 12 2013 16:42:02 by "java_re" with unknown MS VC++:1600

time: Fri Jun 05 17:05:58 2015
elapsed time: 0 seconds

